<?xml version="1.0" encoding="UTF-8"?>
<testng-results ignored="0" total="1" passed="1" failed="0" skipped="0">
  <reporter-output>
  </reporter-output>
  <suite started-at="2023-01-04T20:19:15 IST" name="Default suite" finished-at="2023-01-04T20:20:03 IST" duration-ms="47736">
    <groups>
    </groups>
    <test started-at="2023-01-04T20:19:15 IST" name="Default test" finished-at="2023-01-04T20:20:03 IST" duration-ms="47736">
      <class name="com.java.selenium.CaptureScreenShot">
        <test-method signature="takeScreenShot()[pri:0, instance:com.java.selenium.CaptureScreenShot@708f5957]" started-at="2023-01-04T20:19:15 IST" name="takeScreenShot" finished-at="2023-01-04T20:20:03 IST" duration-ms="47686" status="PASS">
          <reporter-output>
          </reporter-output>
        </test-method> <!-- takeScreenShot -->
      </class> <!-- com.java.selenium.CaptureScreenShot -->
    </test> <!-- Default test -->
  </suite> <!-- Default suite -->
</testng-results>
